{"E:\\nodejs\\Sgfb\\db.js": {"path":"E:\\nodejs\\Sgfb\\db.js","statementMap":{"0":{"start":{"line":6,"column":0},"end":{"line":6,"column":16}},"1":{"start":{"line":9,"column":13},"end":{"line":18,"column":2}}},"fnMap":{},"branchMap":{},"s":{"0":3,"1":3},"f":{},"b":{},"inputSourceMap":null,"_coverageSchema":"1a1c01bbd47fc00a2c39e90264f33305004495a9","hash":"a8c6eee6679775d6e568ae8d9e04792fc88a9ad4"}
,"E:\\nodejs\\Sgfb\\routes\\admin.js": {"path":"E:\\nodejs\\Sgfb\\routes\\admin.js","statementMap":{"0":{"start":{"line":4,"column":15},"end":{"line":4,"column":31}},"1":{"start":{"line":7,"column":0},"end":{"line":9,"column":3}},"2":{"start":{"line":8,"column":2},"end":{"line":8,"column":78}},"3":{"start":{"line":12,"column":0},"end":{"line":17,"column":3}},"4":{"start":{"line":13,"column":2},"end":{"line":16,"column":5}},"5":{"start":{"line":19,"column":0},"end":{"line":24,"column":3}},"6":{"start":{"line":20,"column":2},"end":{"line":23,"column":5}},"7":{"start":{"line":26,"column":0},"end":{"line":31,"column":3}},"8":{"start":{"line":27,"column":2},"end":{"line":30,"column":5}},"9":{"start":{"line":33,"column":0},"end":{"line":38,"column":3}},"10":{"start":{"line":34,"column":2},"end":{"line":37,"column":5}},"11":{"start":{"line":40,"column":0},"end":{"line":42,"column":3}},"12":{"start":{"line":41,"column":2},"end":{"line":41,"column":74}},"13":{"start":{"line":44,"column":0},"end":{"line":46,"column":3}},"14":{"start":{"line":45,"column":2},"end":{"line":45,"column":71}}},"fnMap":{"0":{"name":"(anonymous_0)","decl":{"start":{"line":7,"column":24},"end":{"line":7,"column":25}},"loc":{"start":{"line":7,"column":38},"end":{"line":9,"column":1}},"line":7},"1":{"name":"(anonymous_1)","decl":{"start":{"line":12,"column":25},"end":{"line":12,"column":26}},"loc":{"start":{"line":12,"column":39},"end":{"line":17,"column":1}},"line":12},"2":{"name":"(anonymous_2)","decl":{"start":{"line":19,"column":22},"end":{"line":19,"column":23}},"loc":{"start":{"line":19,"column":36},"end":{"line":24,"column":1}},"line":19},"3":{"name":"(anonymous_3)","decl":{"start":{"line":26,"column":22},"end":{"line":26,"column":23}},"loc":{"start":{"line":26,"column":36},"end":{"line":31,"column":1}},"line":26},"4":{"name":"(anonymous_4)","decl":{"start":{"line":33,"column":22},"end":{"line":33,"column":23}},"loc":{"start":{"line":33,"column":36},"end":{"line":38,"column":1}},"line":33},"5":{"name":"(anonymous_5)","decl":{"start":{"line":40,"column":21},"end":{"line":40,"column":22}},"loc":{"start":{"line":40,"column":35},"end":{"line":42,"column":1}},"line":40},"6":{"name":"(anonymous_6)","decl":{"start":{"line":44,"column":25},"end":{"line":44,"column":26}},"loc":{"start":{"line":44,"column":39},"end":{"line":46,"column":1}},"line":44}},"branchMap":{},"s":{"0":1,"1":1,"2":1,"3":1,"4":1,"5":1,"6":0,"7":1,"8":0,"9":1,"10":1,"11":1,"12":1,"13":1,"14":0},"f":{"0":1,"1":1,"2":0,"3":0,"4":1,"5":1,"6":0},"b":{},"inputSourceMap":null,"_coverageSchema":"1a1c01bbd47fc00a2c39e90264f33305004495a9","hash":"b44018b1150176236c24490b0a5c2e842e4e3e34"}
,"E:\\nodejs\\Sgfb\\routes\\admin_auth.js": {"path":"E:\\nodejs\\Sgfb\\routes\\admin_auth.js","statementMap":{"0":{"start":{"line":5,"column":15},"end":{"line":5,"column":31}},"1":{"start":{"line":8,"column":0},"end":{"line":48,"column":3}},"2":{"start":{"line":9,"column":51},"end":{"line":9,"column":59}},"3":{"start":{"line":11,"column":2},"end":{"line":13,"column":3}},"4":{"start":{"line":12,"column":4},"end":{"line":12,"column":73}},"5":{"start":{"line":15,"column":21},"end":{"line":15,"column":47}},"6":{"start":{"line":17,"column":2},"end":{"line":47,"column":3}},"7":{"start":{"line":19,"column":19},"end":{"line":22,"column":5}},"8":{"start":{"line":24,"column":4},"end":{"line":28,"column":5}},"9":{"start":{"line":25,"column":6},"end":{"line":27,"column":64}},"10":{"start":{"line":31,"column":23},"end":{"line":31,"column":25}},"11":{"start":{"line":32,"column":27},"end":{"line":32,"column":66}},"12":{"start":{"line":35,"column":4},"end":{"line":39,"column":6}},"13":{"start":{"line":41,"column":4},"end":{"line":41,"column":69}},"14":{"start":{"line":43,"column":4},"end":{"line":43,"column":48}},"15":{"start":{"line":44,"column":4},"end":{"line":44,"column":75}},"16":{"start":{"line":46,"column":4},"end":{"line":46,"column":25}},"17":{"start":{"line":51,"column":0},"end":{"line":126,"column":3}},"18":{"start":{"line":52,"column":33},"end":{"line":52,"column":41}},"19":{"start":{"line":53,"column":13},"end":{"line":53,"column":51}},"20":{"start":{"line":54,"column":20},"end":{"line":54,"column":45}},"21":{"start":{"line":56,"column":21},"end":{"line":56,"column":47}},"22":{"start":{"line":58,"column":2},"end":{"line":125,"column":3}},"23":{"start":{"line":59,"column":19},"end":{"line":62,"column":5}},"24":{"start":{"line":64,"column":4},"end":{"line":71,"column":5}},"25":{"start":{"line":65,"column":6},"end":{"line":69,"column":8}},"26":{"start":{"line":70,"column":6},"end":{"line":70,"column":70}},"27":{"start":{"line":73,"column":17},"end":{"line":73,"column":24}},"28":{"start":{"line":75,"column":4},"end":{"line":93,"column":5}},"29":{"start":{"line":76,"column":23},"end":{"line":79,"column":7}},"30":{"start":{"line":81,"column":38},"end":{"line":81,"column":55}},"31":{"start":{"line":83,"column":6},"end":{"line":92,"column":7}},"32":{"start":{"line":84,"column":8},"end":{"line":86,"column":73}},"33":{"start":{"line":88,"column":8},"end":{"line":91,"column":10}},"34":{"start":{"line":95,"column":18},"end":{"line":95,"column":68}},"35":{"start":{"line":97,"column":4},"end":{"line":119,"column":5}},"36":{"start":{"line":98,"column":6},"end":{"line":101,"column":8}},"37":{"start":{"line":102,"column":6},"end":{"line":106,"column":8}},"38":{"start":{"line":107,"column":6},"end":{"line":107,"column":70}},"39":{"start":{"line":109,"column":6},"end":{"line":112,"column":8}},"40":{"start":{"line":113,"column":6},"end":{"line":117,"column":8}},"41":{"start":{"line":118,"column":6},"end":{"line":118,"column":70}},"42":{"start":{"line":121,"column":4},"end":{"line":121,"column":39}},"43":{"start":{"line":122,"column":4},"end":{"line":122,"column":63}},"44":{"start":{"line":124,"column":4},"end":{"line":124,"column":25}},"45":{"start":{"line":129,"column":0},"end":{"line":137,"column":3}},"46":{"start":{"line":130,"column":2},"end":{"line":136,"column":5}},"47":{"start":{"line":131,"column":4},"end":{"line":134,"column":5}},"48":{"start":{"line":132,"column":6},"end":{"line":132,"column":42}},"49":{"start":{"line":133,"column":6},"end":{"line":133,"column":52}},"50":{"start":{"line":135,"column":4},"end":{"line":135,"column":22}}},"fnMap":{"0":{"name":"(anonymous_0)","decl":{"start":{"line":8,"column":25},"end":{"line":8,"column":26}},"loc":{"start":{"line":8,"column":45},"end":{"line":48,"column":1}},"line":8},"1":{"name":"(anonymous_1)","decl":{"start":{"line":51,"column":22},"end":{"line":51,"column":23}},"loc":{"start":{"line":51,"column":42},"end":{"line":126,"column":1}},"line":51},"2":{"name":"(anonymous_2)","decl":{"start":{"line":129,"column":22},"end":{"line":129,"column":23}},"loc":{"start":{"line":129,"column":36},"end":{"line":137,"column":1}},"line":129},"3":{"name":"(anonymous_3)","decl":{"start":{"line":130,"column":22},"end":{"line":130,"column":23}},"loc":{"start":{"line":130,"column":31},"end":{"line":136,"column":3}},"line":130}},"branchMap":{"0":{"loc":{"start":{"line":11,"column":2},"end":{"line":13,"column":3}},"type":"if","locations":[{"start":{"line":11,"column":2},"end":{"line":13,"column":3}},{"start":{},"end":{}}],"line":11},"1":{"loc":{"start":{"line":11,"column":6},"end":{"line":11,"column":52}},"type":"binary-expr","locations":[{"start":{"line":11,"column":6},"end":{"line":11,"column":16}},{"start":{"line":11,"column":20},"end":{"line":11,"column":29}},{"start":{"line":11,"column":33},"end":{"line":11,"column":39}},{"start":{"line":11,"column":43},"end":{"line":11,"column":52}}],"line":11},"2":{"loc":{"start":{"line":24,"column":4},"end":{"line":28,"column":5}},"type":"if","locations":[{"start":{"line":24,"column":4},"end":{"line":28,"column":5}},{"start":{},"end":{}}],"line":24},"3":{"loc":{"start":{"line":53,"column":13},"end":{"line":53,"column":51}},"type":"binary-expr","locations":[{"start":{"line":53,"column":13},"end":{"line":53,"column":19}},{"start":{"line":53,"column":23},"end":{"line":53,"column":51}}],"line":53},"4":{"loc":{"start":{"line":64,"column":4},"end":{"line":71,"column":5}},"type":"if","locations":[{"start":{"line":64,"column":4},"end":{"line":71,"column":5}},{"start":{},"end":{}}],"line":64},"5":{"loc":{"start":{"line":75,"column":4},"end":{"line":93,"column":5}},"type":"if","locations":[{"start":{"line":75,"column":4},"end":{"line":93,"column":5}},{"start":{},"end":{}}],"line":75},"6":{"loc":{"start":{"line":83,"column":6},"end":{"line":92,"column":7}},"type":"if","locations":[{"start":{"line":83,"column":6},"end":{"line":92,"column":7}},{"start":{"line":87,"column":13},"end":{"line":92,"column":7}}],"line":83},"7":{"loc":{"start":{"line":97,"column":4},"end":{"line":119,"column":5}},"type":"if","locations":[{"start":{"line":97,"column":4},"end":{"line":119,"column":5}},{"start":{"line":108,"column":11},"end":{"line":119,"column":5}}],"line":97},"8":{"loc":{"start":{"line":131,"column":4},"end":{"line":134,"column":5}},"type":"if","locations":[{"start":{"line":131,"column":4},"end":{"line":134,"column":5}},{"start":{},"end":{}}],"line":131}},"s":{"0":1,"1":1,"2":2,"3":2,"4":0,"5":2,"6":2,"7":2,"8":2,"9":1,"10":1,"11":1,"12":1,"13":1,"14":0,"15":0,"16":2,"17":1,"18":2,"19":2,"20":2,"21":2,"22":2,"23":2,"24":2,"25":0,"26":0,"27":2,"28":2,"29":0,"30":0,"31":0,"32":0,"33":0,"34":2,"35":2,"36":1,"37":1,"38":0,"39":1,"40":1,"41":0,"42":2,"43":2,"44":2,"45":1,"46":1,"47":0,"48":0,"49":0,"50":0},"f":{"0":2,"1":2,"2":1,"3":0},"b":{"0":[0,2],"1":[2,2,2,2],"2":[1,1],"3":[2,0],"4":[0,2],"5":[0,2],"6":[0,0],"7":[1,1],"8":[0,0]},"inputSourceMap":null,"_coverageSchema":"1a1c01bbd47fc00a2c39e90264f33305004495a9","hash":"b1a8341755748104ba9f1a9af6c657746dd66e0b"}
,"E:\\nodejs\\Sgfb\\routes\\customer\\index.js": {"path":"E:\\nodejs\\Sgfb\\routes\\customer\\index.js","statementMap":{"0":{"start":{"line":7,"column":15},"end":{"line":7,"column":31}},"1":{"start":{"line":9,"column":0},"end":{"line":17,"column":3}},"2":{"start":{"line":10,"column":2},"end":{"line":16,"column":3}},"3":{"start":{"line":11,"column":23},"end":{"line":11,"column":65}},"4":{"start":{"line":12,"column":4},"end":{"line":12,"column":47}},"5":{"start":{"line":14,"column":4},"end":{"line":14,"column":23}},"6":{"start":{"line":15,"column":4},"end":{"line":15,"column":53}},"7":{"start":{"line":19,"column":0},"end":{"line":36,"column":3}},"8":{"start":{"line":20,"column":21},"end":{"line":20,"column":47}},"9":{"start":{"line":21,"column":2},"end":{"line":35,"column":3}},"10":{"start":{"line":22,"column":19},"end":{"line":25,"column":5}},"11":{"start":{"line":26,"column":4},"end":{"line":28,"column":5}},"12":{"start":{"line":27,"column":6},"end":{"line":27,"column":68}},"13":{"start":{"line":29,"column":4},"end":{"line":29,"column":22}},"14":{"start":{"line":31,"column":4},"end":{"line":31,"column":23}},"15":{"start":{"line":32,"column":4},"end":{"line":32,"column":54}},"16":{"start":{"line":34,"column":4},"end":{"line":34,"column":25}},"17":{"start":{"line":39,"column":0},"end":{"line":50,"column":3}},"18":{"start":{"line":40,"column":21},"end":{"line":40,"column":47}},"19":{"start":{"line":41,"column":2},"end":{"line":49,"column":3}},"20":{"start":{"line":42,"column":23},"end":{"line":42,"column":71}},"21":{"start":{"line":43,"column":4},"end":{"line":43,"column":50}},"22":{"start":{"line":45,"column":4},"end":{"line":45,"column":51}},"23":{"start":{"line":46,"column":4},"end":{"line":46,"column":41}},"24":{"start":{"line":48,"column":4},"end":{"line":48,"column":25}},"25":{"start":{"line":53,"column":0},"end":{"line":86,"column":3}},"26":{"start":{"line":54,"column":43},"end":{"line":54,"column":51}},"27":{"start":{"line":56,"column":2},"end":{"line":58,"column":3}},"28":{"start":{"line":57,"column":4},"end":{"line":57,"column":70}},"29":{"start":{"line":60,"column":22},"end":{"line":69,"column":4}},"30":{"start":{"line":71,"column":22},"end":{"line":77,"column":3}},"31":{"start":{"line":79,"column":2},"end":{"line":85,"column":3}},"32":{"start":{"line":80,"column":4},"end":{"line":80,"column":44}},"33":{"start":{"line":81,"column":4},"end":{"line":81,"column":70}},"34":{"start":{"line":83,"column":4},"end":{"line":83,"column":49}},"35":{"start":{"line":84,"column":4},"end":{"line":84,"column":62}}},"fnMap":{"0":{"name":"(anonymous_0)","decl":{"start":{"line":9,"column":16},"end":{"line":9,"column":17}},"loc":{"start":{"line":9,"column":36},"end":{"line":17,"column":1}},"line":9},"1":{"name":"(anonymous_1)","decl":{"start":{"line":19,"column":28},"end":{"line":19,"column":29}},"loc":{"start":{"line":19,"column":48},"end":{"line":36,"column":1}},"line":19},"2":{"name":"(anonymous_2)","decl":{"start":{"line":39,"column":33},"end":{"line":39,"column":34}},"loc":{"start":{"line":39,"column":53},"end":{"line":50,"column":1}},"line":39},"3":{"name":"(anonymous_3)","decl":{"start":{"line":53,"column":25},"end":{"line":53,"column":26}},"loc":{"start":{"line":53,"column":45},"end":{"line":86,"column":1}},"line":53}},"branchMap":{"0":{"loc":{"start":{"line":26,"column":4},"end":{"line":28,"column":5}},"type":"if","locations":[{"start":{"line":26,"column":4},"end":{"line":28,"column":5}},{"start":{},"end":{}}],"line":26},"1":{"loc":{"start":{"line":56,"column":2},"end":{"line":58,"column":3}},"type":"if","locations":[{"start":{"line":56,"column":2},"end":{"line":58,"column":3}},{"start":{},"end":{}}],"line":56},"2":{"loc":{"start":{"line":56,"column":6},"end":{"line":56,"column":41}},"type":"binary-expr","locations":[{"start":{"line":56,"column":6},"end":{"line":56,"column":20}},{"start":{"line":56,"column":24},"end":{"line":56,"column":32}},{"start":{"line":56,"column":36},"end":{"line":56,"column":41}}],"line":56}},"s":{"0":1,"1":1,"2":1,"3":1,"4":1,"5":0,"6":0,"7":1,"8":1,"9":1,"10":1,"11":1,"12":1,"13":0,"14":0,"15":0,"16":1,"17":1,"18":1,"19":1,"20":1,"21":1,"22":0,"23":0,"24":1,"25":1,"26":2,"27":2,"28":1,"29":1,"30":1,"31":1,"32":1,"33":1,"34":0,"35":0},"f":{"0":1,"1":1,"2":1,"3":2},"b":{"0":[1,0],"1":[1,1],"2":[2,1,1]},"inputSourceMap":null,"_coverageSchema":"1a1c01bbd47fc00a2c39e90264f33305004495a9","hash":"5f0f47d4fa6b3245628c602728207632afc65288"}
}
