TN:
SF:db.js
FNF:0
FNH:0
DA:6,3
DA:9,3
LF:2
LH:2
BRF:0
BRH:0
end_of_record
TN:
SF:routes\admin.js
FN:7,(anonymous_0)
FN:12,(anonymous_1)
FN:19,(anonymous_2)
FN:26,(anonymous_3)
FN:33,(anonymous_4)
FN:40,(anonymous_5)
FN:44,(anonymous_6)
FNF:7
FNH:4
FNDA:1,(anonymous_0)
FNDA:1,(anonymous_1)
FNDA:0,(anonymous_2)
FNDA:0,(anonymous_3)
FNDA:1,(anonymous_4)
FNDA:1,(anonymous_5)
FNDA:0,(anonymous_6)
DA:4,1
DA:7,1
DA:8,1
DA:12,1
DA:13,1
DA:19,1
DA:20,0
DA:26,1
DA:27,0
DA:33,1
DA:34,1
DA:40,1
DA:41,1
DA:44,1
DA:45,0
LF:15
LH:12
BRF:0
BRH:0
end_of_record
TN:
SF:routes\admin_auth.js
FN:8,(anonymous_0)
FN:51,(anonymous_1)
FN:129,(anonymous_2)
FN:130,(anonymous_3)
FNF:4
FNH:3
FNDA:2,(anonymous_0)
FNDA:2,(anonymous_1)
FNDA:1,(anonymous_2)
FNDA:0,(anonymous_3)
DA:5,1
DA:8,1
DA:9,2
DA:11,2
DA:12,0
DA:15,2
DA:17,2
DA:19,2
DA:24,2
DA:25,1
DA:31,1
DA:32,1
DA:35,1
DA:41,1
DA:43,0
DA:44,0
DA:46,2
DA:51,1
DA:52,2
DA:53,2
DA:54,2
DA:56,2
DA:58,2
DA:59,2
DA:64,2
DA:65,0
DA:70,0
DA:73,2
DA:75,2
DA:76,0
DA:81,0
DA:83,0
DA:84,0
DA:88,0
DA:95,2
DA:97,2
DA:98,1
DA:102,1
DA:107,0
DA:109,1
DA:113,1
DA:118,0
DA:121,2
DA:122,2
DA:124,2
DA:129,1
DA:130,1
DA:131,0
DA:132,0
DA:133,0
DA:135,0
LF:51
LH:35
BRDA:11,0,0,0
BRDA:11,0,1,2
BRDA:11,1,0,2
BRDA:11,1,1,2
BRDA:11,1,2,2
BRDA:11,1,3,2
BRDA:24,2,0,1
BRDA:24,2,1,1
BRDA:53,3,0,2
BRDA:53,3,1,0
BRDA:64,4,0,0
BRDA:64,4,1,2
BRDA:75,5,0,0
BRDA:75,5,1,2
BRDA:83,6,0,0
BRDA:83,6,1,0
BRDA:97,7,0,1
BRDA:97,7,1,1
BRDA:131,8,0,0
BRDA:131,8,1,0
BRF:20
BRH:12
end_of_record
TN:
SF:routes\customer\index.js
FN:9,(anonymous_0)
FN:19,(anonymous_1)
FN:39,(anonymous_2)
FN:53,(anonymous_3)
FNF:4
FNH:4
FNDA:1,(anonymous_0)
FNDA:1,(anonymous_1)
FNDA:1,(anonymous_2)
FNDA:2,(anonymous_3)
DA:7,1
DA:9,1
DA:10,1
DA:11,1
DA:12,1
DA:14,0
DA:15,0
DA:19,1
DA:20,1
DA:21,1
DA:22,1
DA:26,1
DA:27,1
DA:29,0
DA:31,0
DA:32,0
DA:34,1
DA:39,1
DA:40,1
DA:41,1
DA:42,1
DA:43,1
DA:45,0
DA:46,0
DA:48,1
DA:53,1
DA:54,2
DA:56,2
DA:57,1
DA:60,1
DA:71,1
DA:79,1
DA:80,1
DA:81,1
DA:83,0
DA:84,0
LF:36
LH:27
BRDA:26,0,0,1
BRDA:26,0,1,0
BRDA:56,1,0,1
BRDA:56,1,1,1
BRDA:56,2,0,2
BRDA:56,2,1,1
BRDA:56,2,2,1
BRF:7
BRH:6
end_of_record
